<?xml version="1.0" encoding="UTF-8"?>
<testsuite xmlns:xsi="http://www.w3.org/2001/XMLSchema-instance" xsi:noNamespaceSchemaLocation="https://maven.apache.org/surefire/maven-surefire-plugin/xsd/surefire-test-report.xsd" name="com.tlf.oss.framework.SampleRestAdapterTests" time="6.477" tests="1" errors="0" skipped="0" failures="0">
  <properties>
    <property name="awt.toolkit" value="sun.awt.X11.XToolkit"/>
    <property name="java.specification.version" value="11"/>
    <property name="sun.cpu.isalist" value=""/>
    <property name="sun.jnu.encoding" value="UTF-8"/>
    <property name="java.class.path" value="/home/m4ndr4ck/dev/topology-inventory-exporter/framework/target/test-classes:/home/m4ndr4ck/.m2/repository/io/quarkus/quarkus-resteasy/1.12.0.Final/quarkus-resteasy-1.12.0.Final.jar:/home/m4ndr4ck/.m2/repository/io/quarkus/quarkus-vertx-http/1.12.0.Final/quarkus-vertx-http-1.12.0.Final.jar:/home/m4ndr4ck/.m2/repository/io/quarkus/quarkus-security-runtime-spi/1.12.0.Final/quarkus-security-runtime-spi-1.12.0.Final.jar:/home/m4ndr4ck/.m2/repository/io/quarkus/quarkus-vertx-http-dev-console-runtime-spi/1.12.0.Final/quarkus-vertx-http-dev-console-runtime-spi-1.12.0.Final.jar:/home/m4ndr4ck/.m2/repository/io/quarkus/security/quarkus-security/1.1.3.Final/quarkus-security-1.1.3.Final.jar:/home/m4ndr4ck/.m2/repository/io/smallrye/reactive/mutiny/0.13.0/mutiny-0.13.0.jar:/home/m4ndr4ck/.m2/repository/org/reactivestreams/reactive-streams/1.0.3/reactive-streams-1.0.3.jar:/home/m4ndr4ck/.m2/repository/io/quarkus/quarkus-vertx-core/1.12.0.Final/quarkus-vertx-core-1.12.0.Final.jar:/home/m4ndr4ck/.m2/repository/io/quarkus/quarkus-netty/1.12.0.Final/quarkus-netty-1.12.0.Final.jar:/home/m4ndr4ck/.m2/repository/io/netty/netty-codec/4.1.49.Final/netty-codec-4.1.49.Final.jar:/home/m4ndr4ck/.m2/repository/io/netty/netty-handler/4.1.49.Final/netty-handler-4.1.49.Final.jar:/home/m4ndr4ck/.m2/repository/io/vertx/vertx-core/3.9.5/vertx-core-3.9.5.jar:/home/m4ndr4ck/.m2/repository/io/netty/netty-common/4.1.49.Final/netty-common-4.1.49.Final.jar:/home/m4ndr4ck/.m2/repository/io/netty/netty-buffer/4.1.49.Final/netty-buffer-4.1.49.Final.jar:/home/m4ndr4ck/.m2/repository/io/netty/netty-transport/4.1.49.Final/netty-transport-4.1.49.Final.jar:/home/m4ndr4ck/.m2/repository/io/netty/netty-handler-proxy/4.1.49.Final/netty-handler-proxy-4.1.49.Final.jar:/home/m4ndr4ck/.m2/repository/io/netty/netty-codec-socks/4.1.49.Final/netty-codec-socks-4.1.49.Final.jar:/home/m4ndr4ck/.m2/repository/io/netty/netty-codec-http/4.1.49.Final/netty-codec-http-4.1.49.Final.jar:/home/m4ndr4ck/.m2/repository/io/netty/netty-codec-http2/4.1.49.Final/netty-codec-http2-4.1.49.Final.jar:/home/m4ndr4ck/.m2/repository/io/netty/netty-resolver/4.1.49.Final/netty-resolver-4.1.49.Final.jar:/home/m4ndr4ck/.m2/repository/io/netty/netty-resolver-dns/4.1.49.Final/netty-resolver-dns-4.1.49.Final.jar:/home/m4ndr4ck/.m2/repository/io/netty/netty-codec-dns/4.1.49.Final/netty-codec-dns-4.1.49.Final.jar:/home/m4ndr4ck/.m2/repository/io/vertx/vertx-web/3.9.5/vertx-web-3.9.5.jar:/home/m4ndr4ck/.m2/repository/io/vertx/vertx-web-common/3.9.5/vertx-web-common-3.9.5.jar:/home/m4ndr4ck/.m2/repository/io/vertx/vertx-auth-common/3.9.5/vertx-auth-common-3.9.5.jar:/home/m4ndr4ck/.m2/repository/io/vertx/vertx-bridge-common/3.9.5/vertx-bridge-common-3.9.5.jar:/home/m4ndr4ck/.m2/repository/io/quarkus/quarkus-resteasy-server-common/1.12.0.Final/quarkus-resteasy-server-common-1.12.0.Final.jar:/home/m4ndr4ck/.m2/repository/io/quarkus/quarkus-resteasy-common/1.12.0.Final/quarkus-resteasy-common-1.12.0.Final.jar:/home/m4ndr4ck/.m2/repository/org/jboss/resteasy/resteasy-core/4.5.9.Final/resteasy-core-4.5.9.Final.jar:/home/m4ndr4ck/.m2/repository/org/jboss/resteasy/resteasy-core-spi/4.5.9.Final/resteasy-core-spi-4.5.9.Final.jar:/home/m4ndr4ck/.m2/repository/com/ibm/async/asyncutil/0.1.0/asyncutil-0.1.0.jar:/home/m4ndr4ck/.m2/repository/io/quarkus/quarkus-resteasy-jackson/1.12.0.Final/quarkus-resteasy-jackson-1.12.0.Final.jar:/home/m4ndr4ck/.m2/repository/com/fasterxml/jackson/datatype/jackson-datatype-jsr310/2.12.1/jackson-datatype-jsr310-2.12.1.jar:/home/m4ndr4ck/.m2/repository/com/fasterxml/jackson/datatype/jackson-datatype-jdk8/2.12.1/jackson-datatype-jdk8-2.12.1.jar:/home/m4ndr4ck/.m2/repository/com/fasterxml/jackson/module/jackson-module-parameter-names/2.12.1/jackson-module-parameter-names-2.12.1.jar:/home/m4ndr4ck/.m2/repository/org/jboss/resteasy/resteasy-jackson2-provider/4.5.9.Final/resteasy-jackson2-provider-4.5.9.Final.jar:/home/m4ndr4ck/.m2/repository/org/jboss/resteasy/resteasy-jaxb-provider/4.5.9.Final/resteasy-jaxb-provider-4.5.9.Final.jar:/home/m4ndr4ck/.m2/repository/org/glassfish/jaxb/jaxb-runtime/2.3.3-b02/jaxb-runtime-2.3.3-b02.jar:/home/m4ndr4ck/.m2/repository/org/glassfish/jaxb/txw2/2.3.3-b02/txw2-2.3.3-b02.jar:/home/m4ndr4ck/.m2/repository/com/sun/istack/istack-commons-runtime/3.0.10/istack-commons-runtime-3.0.10.jar:/home/m4ndr4ck/.m2/repository/com/github/java-json-tools/json-patch/1.13/json-patch-1.13.jar:/home/m4ndr4ck/.m2/repository/com/github/java-json-tools/msg-simple/1.2/msg-simple-1.2.jar:/home/m4ndr4ck/.m2/repository/com/github/java-json-tools/btf/1.3/btf-1.3.jar:/home/m4ndr4ck/.m2/repository/com/github/java-json-tools/jackson-coreutils/2.0/jackson-coreutils-2.0.jar:/home/m4ndr4ck/.m2/repository/org/jboss/logging/jboss-logging/3.4.1.Final/jboss-logging-3.4.1.Final.jar:/home/m4ndr4ck/.m2/repository/net/bytebuddy/byte-buddy/1.10.19/byte-buddy-1.10.19.jar:/home/m4ndr4ck/.m2/repository/net/bytebuddy/byte-buddy-agent/1.10.19/byte-buddy-agent-1.10.19.jar:/home/m4ndr4ck/.m2/repository/org/objenesis/objenesis/3.1/objenesis-3.1.jar:/home/m4ndr4ck/.m2/repository/org/json/json/20201115/json-20201115.jar:/home/m4ndr4ck/.m2/repository/io/quarkus/quarkus-arc/1.12.0.Final/quarkus-arc-1.12.0.Final.jar:/home/m4ndr4ck/.m2/repository/io/quarkus/arc/arc/1.12.0.Final/arc-1.12.0.Final.jar:/home/m4ndr4ck/.m2/repository/jakarta/annotation/jakarta.annotation-api/1.3.5/jakarta.annotation-api-1.3.5.jar:/home/m4ndr4ck/.m2/repository/jakarta/transaction/jakarta.transaction-api/1.3.3/jakarta.transaction-api-1.3.3.jar:/home/m4ndr4ck/.m2/repository/io/quarkus/quarkus-core/1.12.0.Final/quarkus-core-1.12.0.Final.jar:/home/m4ndr4ck/.m2/repository/io/quarkus/quarkus-ide-launcher/1.12.0.Final/quarkus-ide-launcher-1.12.0.Final.jar:/home/m4ndr4ck/.m2/repository/io/quarkus/quarkus-development-mode-spi/1.12.0.Final/quarkus-development-mode-spi-1.12.0.Final.jar:/home/m4ndr4ck/.m2/repository/io/smallrye/config/smallrye-config/1.10.2/smallrye-config-1.10.2.jar:/home/m4ndr4ck/.m2/repository/io/smallrye/common/smallrye-common-annotation/1.5.0/smallrye-common-annotation-1.5.0.jar:/home/m4ndr4ck/.m2/repository/io/smallrye/common/smallrye-common-expression/1.5.0/smallrye-common-expression-1.5.0.jar:/home/m4ndr4ck/.m2/repository/io/smallrye/common/smallrye-common-function/1.5.0/smallrye-common-function-1.5.0.jar:/home/m4ndr4ck/.m2/repository/io/smallrye/common/smallrye-common-classloader/1.5.0/smallrye-common-classloader-1.5.0.jar:/home/m4ndr4ck/.m2/repository/org/jboss/logmanager/jboss-logmanager-embedded/1.0.6/jboss-logmanager-embedded-1.0.6.jar:/home/m4ndr4ck/.m2/repository/org/jboss/logging/jboss-logging-annotations/2.2.0.Final/jboss-logging-annotations-2.2.0.Final.jar:/home/m4ndr4ck/.m2/repository/org/jboss/threads/jboss-threads/3.2.0.Final/jboss-threads-3.2.0.Final.jar:/home/m4ndr4ck/.m2/repository/org/slf4j/slf4j-api/1.7.30/slf4j-api-1.7.30.jar:/home/m4ndr4ck/.m2/repository/org/jboss/slf4j/slf4j-jboss-logmanager/1.1.0.Final/slf4j-jboss-logmanager-1.1.0.Final.jar:/home/m4ndr4ck/.m2/repository/org/graalvm/sdk/graal-sdk/21.0.0/graal-sdk-21.0.0.jar:/home/m4ndr4ck/.m2/repository/org/wildfly/common/wildfly-common/1.5.4.Final-format-001/wildfly-common-1.5.4.Final-format-001.jar:/home/m4ndr4ck/.m2/repository/io/quarkus/quarkus-bootstrap-runner/1.12.0.Final/quarkus-bootstrap-runner-1.12.0.Final.jar:/home/m4ndr4ck/.m2/repository/org/eclipse/microprofile/context-propagation/microprofile-context-propagation-api/1.0.1/microprofile-context-propagation-api-1.0.1.jar:/home/m4ndr4ck/.m2/repository/io/quarkus/quarkus-junit5/1.12.0.Final/quarkus-junit5-1.12.0.Final.jar:/home/m4ndr4ck/.m2/repository/io/quarkus/quarkus-bootstrap-core/1.12.0.Final/quarkus-bootstrap-core-1.12.0.Final.jar:/home/m4ndr4ck/.m2/repository/io/quarkus/quarkus-bootstrap-app-model/1.12.0.Final/quarkus-bootstrap-app-model-1.12.0.Final.jar:/home/m4ndr4ck/.m2/repository/io/quarkus/quarkus-bootstrap-maven-resolver/1.12.0.Final/quarkus-bootstrap-maven-resolver-1.12.0.Final.jar:/home/m4ndr4ck/.m2/repository/org/apache/maven/maven-embedder/3.6.3/maven-embedder-3.6.3.jar:/home/m4ndr4ck/.m2/repository/org/apache/maven/maven-settings/3.6.3/maven-settings-3.6.3.jar:/home/m4ndr4ck/.m2/repository/org/apache/maven/maven-core/3.6.3/maven-core-3.6.3.jar:/home/m4ndr4ck/.m2/repository/org/apache/maven/maven-artifact/3.6.3/maven-artifact-3.6.3.jar:/home/m4ndr4ck/.m2/repository/org/codehaus/plexus/plexus-component-annotations/2.1.0/plexus-component-annotations-2.1.0.jar:/home/m4ndr4ck/.m2/repository/org/apache/maven/maven-plugin-api/3.6.3/maven-plugin-api-3.6.3.jar:/home/m4ndr4ck/.m2/repository/org/apache/maven/maven-model/3.6.3/maven-model-3.6.3.jar:/home/m4ndr4ck/.m2/repository/org/apache/maven/maven-model-builder/3.6.3/maven-model-builder-3.6.3.jar:/home/m4ndr4ck/.m2/repository/org/apache/maven/maven-builder-support/3.6.3/maven-builder-support-3.6.3.jar:/home/m4ndr4ck/.m2/repository/org/apache/maven/resolver/maven-resolver-api/1.4.1/maven-resolver-api-1.4.1.jar:/home/m4ndr4ck/.m2/repository/org/apache/maven/resolver/maven-resolver-util/1.4.1/maven-resolver-util-1.4.1.jar:/home/m4ndr4ck/.m2/repository/org/apache/maven/shared/maven-shared-utils/3.2.1/maven-shared-utils-3.2.1.jar:/home/m4ndr4ck/.m2/repository/commons-io/commons-io/2.8.0/commons-io-2.8.0.jar:/home/m4ndr4ck/.m2/repository/com/google/inject/guice/4.2.1/guice-4.2.1-no_aop.jar:/home/m4ndr4ck/.m2/repository/com/google/guava/guava/30.1-jre/guava-30.1-jre.jar:/home/m4ndr4ck/.m2/repository/com/google/guava/failureaccess/1.0.1/failureaccess-1.0.1.jar:/home/m4ndr4ck/.m2/repository/com/google/guava/listenablefuture/9999.0-empty-to-avoid-conflict-with-guava/listenablefuture-9999.0-empty-to-avoid-conflict-with-guava.jar:/home/m4ndr4ck/.m2/repository/org/codehaus/plexus/plexus-utils/3.2.1/plexus-utils-3.2.1.jar:/home/m4ndr4ck/.m2/repository/org/codehaus/plexus/plexus-classworlds/2.6.0/plexus-classworlds-2.6.0.jar:/home/m4ndr4ck/.m2/repository/commons-cli/commons-cli/1.4/commons-cli-1.4.jar:/home/m4ndr4ck/.m2/repository/org/eclipse/sisu/org.eclipse.sisu.plexus/0.3.4/org.eclipse.sisu.plexus-0.3.4.jar:/home/m4ndr4ck/.m2/repository/org/apache/maven/maven-settings-builder/3.6.3/maven-settings-builder-3.6.3.jar:/home/m4ndr4ck/.m2/repository/org/codehaus/plexus/plexus-interpolation/1.25/plexus-interpolation-1.25.jar:/home/m4ndr4ck/.m2/repository/org/sonatype/plexus/plexus-sec-dispatcher/1.4/plexus-sec-dispatcher-1.4.jar:/home/m4ndr4ck/.m2/repository/org/sonatype/plexus/plexus-cipher/1.4/plexus-cipher-1.4.jar:/home/m4ndr4ck/.m2/repository/org/apache/maven/maven-resolver-provider/3.6.3/maven-resolver-provider-3.6.3.jar:/home/m4ndr4ck/.m2/repository/org/apache/maven/maven-repository-metadata/3.6.3/maven-repository-metadata-3.6.3.jar:/home/m4ndr4ck/.m2/repository/org/apache/maven/resolver/maven-resolver-spi/1.4.1/maven-resolver-spi-1.4.1.jar:/home/m4ndr4ck/.m2/repository/org/apache/maven/resolver/maven-resolver-impl/1.4.1/maven-resolver-impl-1.4.1.jar:/home/m4ndr4ck/.m2/repository/org/apache/maven/resolver/maven-resolver-connector-basic/1.4.1/maven-resolver-connector-basic-1.4.1.jar:/home/m4ndr4ck/.m2/repository/org/apache/maven/resolver/maven-resolver-transport-wagon/1.4.1/maven-resolver-transport-wagon-1.4.1.jar:/home/m4ndr4ck/.m2/repository/org/apache/maven/wagon/wagon-http/3.3.4/wagon-http-3.3.4.jar:/home/m4ndr4ck/.m2/repository/org/apache/maven/wagon/wagon-http-shared/3.3.4/wagon-http-shared-3.3.4.jar:/home/m4ndr4ck/.m2/repository/org/jsoup/jsoup/1.12.1/jsoup-1.12.1.jar:/home/m4ndr4ck/.m2/repository/org/apache/maven/wagon/wagon-provider-api/3.3.4/wagon-provider-api-3.3.4.jar:/home/m4ndr4ck/.m2/repository/org/apache/maven/wagon/wagon-file/3.3.4/wagon-file-3.3.4.jar:/home/m4ndr4ck/.m2/repository/io/quarkus/quarkus-bootstrap-gradle-resolver/1.12.0.Final/quarkus-bootstrap-gradle-resolver-1.12.0.Final.jar:/home/m4ndr4ck/.m2/repository/io/smallrye/common/smallrye-common-io/1.5.0/smallrye-common-io-1.5.0.jar:/home/m4ndr4ck/.m2/repository/org/eclipse/sisu/org.eclipse.sisu.inject/0.3.4/org.eclipse.sisu.inject-0.3.4.jar:/home/m4ndr4ck/.m2/repository/io/quarkus/quarkus-test-common/1.12.0.Final/quarkus-test-common-1.12.0.Final.jar:/home/m4ndr4ck/.m2/repository/io/quarkus/quarkus-core-deployment/1.12.0.Final/quarkus-core-deployment-1.12.0.Final.jar:/home/m4ndr4ck/.m2/repository/io/quarkus/gizmo/gizmo/1.0.6.Final/gizmo-1.0.6.Final.jar:/home/m4ndr4ck/.m2/repository/org/ow2/asm/asm-util/9.0/asm-util-9.0.jar:/home/m4ndr4ck/.m2/repository/org/ow2/asm/asm-tree/9.0/asm-tree-9.0.jar:/home/m4ndr4ck/.m2/repository/org/ow2/asm/asm-analysis/9.0/asm-analysis-9.0.jar:/home/m4ndr4ck/.m2/repository/org/ow2/asm/asm/9.0/asm-9.0.jar:/home/m4ndr4ck/.m2/repository/io/quarkus/quarkus-devtools-utilities/1.12.0.Final/quarkus-devtools-utilities-1.12.0.Final.jar:/home/m4ndr4ck/.m2/repository/io/quarkus/quarkus-builder/1.12.0.Final/quarkus-builder-1.12.0.Final.jar:/home/m4ndr4ck/.m2/repository/io/quarkus/quarkus-jsonp-deployment/1.12.0.Final/quarkus-jsonp-deployment-1.12.0.Final.jar:/home/m4ndr4ck/.m2/repository/org/jboss/jandex/2.2.3.Final/jandex-2.2.3.Final.jar:/home/m4ndr4ck/.m2/repository/org/jboss/logging/commons-logging-jboss-logging/1.0.0.Final/commons-logging-jboss-logging-1.0.0.Final.jar:/home/m4ndr4ck/.m2/repository/org/junit/jupiter/junit-jupiter/5.7.1/junit-jupiter-5.7.1.jar:/home/m4ndr4ck/.m2/repository/org/junit/jupiter/junit-jupiter-api/5.7.1/junit-jupiter-api-5.7.1.jar:/home/m4ndr4ck/.m2/repository/org/apiguardian/apiguardian-api/1.1.0/apiguardian-api-1.1.0.jar:/home/m4ndr4ck/.m2/repository/org/opentest4j/opentest4j/1.2.0/opentest4j-1.2.0.jar:/home/m4ndr4ck/.m2/repository/org/junit/platform/junit-platform-commons/1.7.1/junit-platform-commons-1.7.1.jar:/home/m4ndr4ck/.m2/repository/org/junit/jupiter/junit-jupiter-params/5.7.1/junit-jupiter-params-5.7.1.jar:/home/m4ndr4ck/.m2/repository/org/junit/jupiter/junit-jupiter-engine/5.7.1/junit-jupiter-engine-5.7.1.jar:/home/m4ndr4ck/.m2/repository/org/junit/platform/junit-platform-engine/1.7.1/junit-platform-engine-1.7.1.jar:/home/m4ndr4ck/.m2/repository/com/thoughtworks/xstream/xstream/1.4.15/xstream-1.4.15.jar:/home/m4ndr4ck/.m2/repository/xmlpull/xmlpull/1.1.3.1/xmlpull-1.1.3.1.jar:/home/m4ndr4ck/.m2/repository/jakarta/interceptor/jakarta.interceptor-api/1.2.5/jakarta.interceptor-api-1.2.5.jar:/home/m4ndr4ck/.m2/repository/org/glassfish/jakarta.el/3.0.3/jakarta.el-3.0.3.jar:/home/m4ndr4ck/.m2/repository/io/quarkus/quarkus-hibernate-validator/1.12.0.Final/quarkus-hibernate-validator-1.12.0.Final.jar:/home/m4ndr4ck/.m2/repository/org/hibernate/validator/hibernate-validator/6.2.0.Final/hibernate-validator-6.2.0.Final.jar:/home/m4ndr4ck/.m2/repository/com/fasterxml/classmate/1.3.4/classmate-1.3.4.jar:/home/m4ndr4ck/.m2/repository/io/quarkus/quarkus-smallrye-openapi/1.12.0.Final/quarkus-smallrye-openapi-1.12.0.Final.jar:/home/m4ndr4ck/.m2/repository/io/smallrye/smallrye-open-api-core/2.0.22/smallrye-open-api-core-2.0.22.jar:/home/m4ndr4ck/.m2/repository/com/fasterxml/jackson/dataformat/jackson-dataformat-yaml/2.12.1/jackson-dataformat-yaml-2.12.1.jar:/home/m4ndr4ck/.m2/repository/io/quarkus/quarkus-swagger-ui/1.12.0.Final/quarkus-swagger-ui-1.12.0.Final.jar:/home/m4ndr4ck/.m2/repository/io/quarkus/quarkus-config-yaml/1.12.0.Final/quarkus-config-yaml-1.12.0.Final.jar:/home/m4ndr4ck/.m2/repository/io/smallrye/config/smallrye-config-source-yaml/1.10.2/smallrye-config-source-yaml-1.10.2.jar:/home/m4ndr4ck/.m2/repository/org/yaml/snakeyaml/1.27/snakeyaml-1.27.jar:/home/m4ndr4ck/.m2/repository/io/smallrye/config/smallrye-config-common/1.10.2/smallrye-config-common-1.10.2.jar:/home/m4ndr4ck/.m2/repository/io/smallrye/common/smallrye-common-constraint/1.5.0/smallrye-common-constraint-1.5.0.jar:/home/m4ndr4ck/.m2/repository/org/eclipse/microprofile/config/microprofile-config-api/1.4/microprofile-config-api-1.4.jar:/home/m4ndr4ck/.m2/repository/io/quarkus/quarkus-smallrye-health/1.12.0.Final/quarkus-smallrye-health-1.12.0.Final.jar:/home/m4ndr4ck/.m2/repository/io/smallrye/smallrye-health/2.2.5/smallrye-health-2.2.5.jar:/home/m4ndr4ck/.m2/repository/org/eclipse/microprofile/health/microprofile-health-api/2.2/microprofile-health-api-2.2.jar:/home/m4ndr4ck/.m2/repository/io/smallrye/smallrye-health-api/2.2.5/smallrye-health-api-2.2.5.jar:/home/m4ndr4ck/.m2/repository/io/smallrye/smallrye-health-provided-checks/2.2.5/smallrye-health-provided-checks-2.2.5.jar:/home/m4ndr4ck/.m2/repository/io/quarkus/quarkus-jsonp/1.12.0.Final/quarkus-jsonp-1.12.0.Final.jar:/home/m4ndr4ck/.m2/repository/org/glassfish/jakarta.json/1.1.6/jakarta.json-1.1.6.jar:/home/m4ndr4ck/.m2/repository/io/rest-assured/rest-assured/4.3.3/rest-assured-4.3.3.jar:/home/m4ndr4ck/.m2/repository/org/codehaus/groovy/groovy/3.0.5/groovy-3.0.5.jar:/home/m4ndr4ck/.m2/repository/org/codehaus/groovy/groovy-xml/3.0.7/groovy-xml-3.0.7.jar:/home/m4ndr4ck/.m2/repository/org/apache/httpcomponents/httpclient/4.5.13/httpclient-4.5.13.jar:/home/m4ndr4ck/.m2/repository/org/apache/httpcomponents/httpcore/4.4.14/httpcore-4.4.14.jar:/home/m4ndr4ck/.m2/repository/commons-codec/commons-codec/1.14/commons-codec-1.14.jar:/home/m4ndr4ck/.m2/repository/org/apache/httpcomponents/httpmime/4.5.13/httpmime-4.5.13.jar:/home/m4ndr4ck/.m2/repository/org/hamcrest/hamcrest/2.1/hamcrest-2.1.jar:/home/m4ndr4ck/.m2/repository/org/ccil/cowan/tagsoup/tagsoup/1.2.1/tagsoup-1.2.1.jar:/home/m4ndr4ck/.m2/repository/io/rest-assured/json-path/4.3.3/json-path-4.3.3.jar:/home/m4ndr4ck/.m2/repository/org/codehaus/groovy/groovy-json/3.0.5/groovy-json-3.0.5.jar:/home/m4ndr4ck/.m2/repository/io/rest-assured/rest-assured-common/4.3.3/rest-assured-common-4.3.3.jar:/home/m4ndr4ck/.m2/repository/io/rest-assured/xml-path/4.3.3/xml-path-4.3.3.jar:/home/m4ndr4ck/.m2/repository/org/apache/commons/commons-lang3/3.11/commons-lang3-3.11.jar:/home/m4ndr4ck/.m2/repository/com/sun/xml/bind/jaxb-impl/2.3.3/jaxb-impl-2.3.3.jar:"/>
    <property name="java.vm.vendor" value="Oracle Corporation"/>
    <property name="sun.arch.data.model" value="64"/>
    <property name="java.vendor.url" value="http://java.oracle.com/"/>
    <property name="user.timezone" value=""/>
    <property name="java.vm.specification.version" value="11"/>
    <property name="os.name" value="Linux"/>
    <property name="sun.java.launcher" value="SUN_STANDARD"/>
    <property name="user.country" value="US"/>
    <property name="sun.boot.library.path" value="/home/m4ndr4ck/Downloads/jdk-11.0.6/lib"/>
    <property name="sun.java.command" value="org.apache.maven.surefire.booter.ForkedBooter /home/m4ndr4ck/dev/topology-inventory-exporter/framework/target/surefire 2021-03-17T21-00-56_128-jvmRun1 surefire8315608980429483584tmp surefire_217272141993120037449tmp"/>
    <property name="jdk.debug" value="release"/>
    <property name="maven.home" value="/home/m4ndr4ck/idea-IU-203.6682.168/plugins/maven/lib/maven3"/>
    <property name="surefire.test.class.path" value="/home/m4ndr4ck/dev/topology-inventory-exporter/framework/target/test-classes:/home/m4ndr4ck/.m2/repository/io/quarkus/quarkus-resteasy/1.12.0.Final/quarkus-resteasy-1.12.0.Final.jar:/home/m4ndr4ck/.m2/repository/io/quarkus/quarkus-vertx-http/1.12.0.Final/quarkus-vertx-http-1.12.0.Final.jar:/home/m4ndr4ck/.m2/repository/io/quarkus/quarkus-security-runtime-spi/1.12.0.Final/quarkus-security-runtime-spi-1.12.0.Final.jar:/home/m4ndr4ck/.m2/repository/io/quarkus/quarkus-vertx-http-dev-console-runtime-spi/1.12.0.Final/quarkus-vertx-http-dev-console-runtime-spi-1.12.0.Final.jar:/home/m4ndr4ck/.m2/repository/io/quarkus/security/quarkus-security/1.1.3.Final/quarkus-security-1.1.3.Final.jar:/home/m4ndr4ck/.m2/repository/io/smallrye/reactive/mutiny/0.13.0/mutiny-0.13.0.jar:/home/m4ndr4ck/.m2/repository/org/reactivestreams/reactive-streams/1.0.3/reactive-streams-1.0.3.jar:/home/m4ndr4ck/.m2/repository/io/quarkus/quarkus-vertx-core/1.12.0.Final/quarkus-vertx-core-1.12.0.Final.jar:/home/m4ndr4ck/.m2/repository/io/quarkus/quarkus-netty/1.12.0.Final/quarkus-netty-1.12.0.Final.jar:/home/m4ndr4ck/.m2/repository/io/netty/netty-codec/4.1.49.Final/netty-codec-4.1.49.Final.jar:/home/m4ndr4ck/.m2/repository/io/netty/netty-handler/4.1.49.Final/netty-handler-4.1.49.Final.jar:/home/m4ndr4ck/.m2/repository/io/vertx/vertx-core/3.9.5/vertx-core-3.9.5.jar:/home/m4ndr4ck/.m2/repository/io/netty/netty-common/4.1.49.Final/netty-common-4.1.49.Final.jar:/home/m4ndr4ck/.m2/repository/io/netty/netty-buffer/4.1.49.Final/netty-buffer-4.1.49.Final.jar:/home/m4ndr4ck/.m2/repository/io/netty/netty-transport/4.1.49.Final/netty-transport-4.1.49.Final.jar:/home/m4ndr4ck/.m2/repository/io/netty/netty-handler-proxy/4.1.49.Final/netty-handler-proxy-4.1.49.Final.jar:/home/m4ndr4ck/.m2/repository/io/netty/netty-codec-socks/4.1.49.Final/netty-codec-socks-4.1.49.Final.jar:/home/m4ndr4ck/.m2/repository/io/netty/netty-codec-http/4.1.49.Final/netty-codec-http-4.1.49.Final.jar:/home/m4ndr4ck/.m2/repository/io/netty/netty-codec-http2/4.1.49.Final/netty-codec-http2-4.1.49.Final.jar:/home/m4ndr4ck/.m2/repository/io/netty/netty-resolver/4.1.49.Final/netty-resolver-4.1.49.Final.jar:/home/m4ndr4ck/.m2/repository/io/netty/netty-resolver-dns/4.1.49.Final/netty-resolver-dns-4.1.49.Final.jar:/home/m4ndr4ck/.m2/repository/io/netty/netty-codec-dns/4.1.49.Final/netty-codec-dns-4.1.49.Final.jar:/home/m4ndr4ck/.m2/repository/io/vertx/vertx-web/3.9.5/vertx-web-3.9.5.jar:/home/m4ndr4ck/.m2/repository/io/vertx/vertx-web-common/3.9.5/vertx-web-common-3.9.5.jar:/home/m4ndr4ck/.m2/repository/io/vertx/vertx-auth-common/3.9.5/vertx-auth-common-3.9.5.jar:/home/m4ndr4ck/.m2/repository/io/vertx/vertx-bridge-common/3.9.5/vertx-bridge-common-3.9.5.jar:/home/m4ndr4ck/.m2/repository/io/quarkus/quarkus-resteasy-server-common/1.12.0.Final/quarkus-resteasy-server-common-1.12.0.Final.jar:/home/m4ndr4ck/.m2/repository/io/quarkus/quarkus-resteasy-common/1.12.0.Final/quarkus-resteasy-common-1.12.0.Final.jar:/home/m4ndr4ck/.m2/repository/org/jboss/resteasy/resteasy-core/4.5.9.Final/resteasy-core-4.5.9.Final.jar:/home/m4ndr4ck/.m2/repository/org/jboss/resteasy/resteasy-core-spi/4.5.9.Final/resteasy-core-spi-4.5.9.Final.jar:/home/m4ndr4ck/.m2/repository/com/ibm/async/asyncutil/0.1.0/asyncutil-0.1.0.jar:/home/m4ndr4ck/.m2/repository/io/quarkus/quarkus-resteasy-jackson/1.12.0.Final/quarkus-resteasy-jackson-1.12.0.Final.jar:/home/m4ndr4ck/.m2/repository/com/fasterxml/jackson/datatype/jackson-datatype-jsr310/2.12.1/jackson-datatype-jsr310-2.12.1.jar:/home/m4ndr4ck/.m2/repository/com/fasterxml/jackson/datatype/jackson-datatype-jdk8/2.12.1/jackson-datatype-jdk8-2.12.1.jar:/home/m4ndr4ck/.m2/repository/com/fasterxml/jackson/module/jackson-module-parameter-names/2.12.1/jackson-module-parameter-names-2.12.1.jar:/home/m4ndr4ck/.m2/repository/org/jboss/resteasy/resteasy-jackson2-provider/4.5.9.Final/resteasy-jackson2-provider-4.5.9.Final.jar:/home/m4ndr4ck/.m2/repository/org/jboss/resteasy/resteasy-jaxb-provider/4.5.9.Final/resteasy-jaxb-provider-4.5.9.Final.jar:/home/m4ndr4ck/.m2/repository/org/glassfish/jaxb/jaxb-runtime/2.3.3-b02/jaxb-runtime-2.3.3-b02.jar:/home/m4ndr4ck/.m2/repository/org/glassfish/jaxb/txw2/2.3.3-b02/txw2-2.3.3-b02.jar:/home/m4ndr4ck/.m2/repository/com/sun/istack/istack-commons-runtime/3.0.10/istack-commons-runtime-3.0.10.jar:/home/m4ndr4ck/.m2/repository/com/github/java-json-tools/json-patch/1.13/json-patch-1.13.jar:/home/m4ndr4ck/.m2/repository/com/github/java-json-tools/msg-simple/1.2/msg-simple-1.2.jar:/home/m4ndr4ck/.m2/repository/com/github/java-json-tools/btf/1.3/btf-1.3.jar:/home/m4ndr4ck/.m2/repository/com/github/java-json-tools/jackson-coreutils/2.0/jackson-coreutils-2.0.jar:/home/m4ndr4ck/.m2/repository/org/jboss/logging/jboss-logging/3.4.1.Final/jboss-logging-3.4.1.Final.jar:/home/m4ndr4ck/.m2/repository/net/bytebuddy/byte-buddy/1.10.19/byte-buddy-1.10.19.jar:/home/m4ndr4ck/.m2/repository/net/bytebuddy/byte-buddy-agent/1.10.19/byte-buddy-agent-1.10.19.jar:/home/m4ndr4ck/.m2/repository/org/objenesis/objenesis/3.1/objenesis-3.1.jar:/home/m4ndr4ck/.m2/repository/org/json/json/20201115/json-20201115.jar:/home/m4ndr4ck/.m2/repository/io/quarkus/quarkus-arc/1.12.0.Final/quarkus-arc-1.12.0.Final.jar:/home/m4ndr4ck/.m2/repository/io/quarkus/arc/arc/1.12.0.Final/arc-1.12.0.Final.jar:/home/m4ndr4ck/.m2/repository/jakarta/annotation/jakarta.annotation-api/1.3.5/jakarta.annotation-api-1.3.5.jar:/home/m4ndr4ck/.m2/repository/jakarta/transaction/jakarta.transaction-api/1.3.3/jakarta.transaction-api-1.3.3.jar:/home/m4ndr4ck/.m2/repository/io/quarkus/quarkus-core/1.12.0.Final/quarkus-core-1.12.0.Final.jar:/home/m4ndr4ck/.m2/repository/io/quarkus/quarkus-ide-launcher/1.12.0.Final/quarkus-ide-launcher-1.12.0.Final.jar:/home/m4ndr4ck/.m2/repository/io/quarkus/quarkus-development-mode-spi/1.12.0.Final/quarkus-development-mode-spi-1.12.0.Final.jar:/home/m4ndr4ck/.m2/repository/io/smallrye/config/smallrye-config/1.10.2/smallrye-config-1.10.2.jar:/home/m4ndr4ck/.m2/repository/io/smallrye/common/smallrye-common-annotation/1.5.0/smallrye-common-annotation-1.5.0.jar:/home/m4ndr4ck/.m2/repository/io/smallrye/common/smallrye-common-expression/1.5.0/smallrye-common-expression-1.5.0.jar:/home/m4ndr4ck/.m2/repository/io/smallrye/common/smallrye-common-function/1.5.0/smallrye-common-function-1.5.0.jar:/home/m4ndr4ck/.m2/repository/io/smallrye/common/smallrye-common-classloader/1.5.0/smallrye-common-classloader-1.5.0.jar:/home/m4ndr4ck/.m2/repository/org/jboss/logmanager/jboss-logmanager-embedded/1.0.6/jboss-logmanager-embedded-1.0.6.jar:/home/m4ndr4ck/.m2/repository/org/jboss/logging/jboss-logging-annotations/2.2.0.Final/jboss-logging-annotations-2.2.0.Final.jar:/home/m4ndr4ck/.m2/repository/org/jboss/threads/jboss-threads/3.2.0.Final/jboss-threads-3.2.0.Final.jar:/home/m4ndr4ck/.m2/repository/org/slf4j/slf4j-api/1.7.30/slf4j-api-1.7.30.jar:/home/m4ndr4ck/.m2/repository/org/jboss/slf4j/slf4j-jboss-logmanager/1.1.0.Final/slf4j-jboss-logmanager-1.1.0.Final.jar:/home/m4ndr4ck/.m2/repository/org/graalvm/sdk/graal-sdk/21.0.0/graal-sdk-21.0.0.jar:/home/m4ndr4ck/.m2/repository/org/wildfly/common/wildfly-common/1.5.4.Final-format-001/wildfly-common-1.5.4.Final-format-001.jar:/home/m4ndr4ck/.m2/repository/io/quarkus/quarkus-bootstrap-runner/1.12.0.Final/quarkus-bootstrap-runner-1.12.0.Final.jar:/home/m4ndr4ck/.m2/repository/org/eclipse/microprofile/context-propagation/microprofile-context-propagation-api/1.0.1/microprofile-context-propagation-api-1.0.1.jar:/home/m4ndr4ck/.m2/repository/io/quarkus/quarkus-junit5/1.12.0.Final/quarkus-junit5-1.12.0.Final.jar:/home/m4ndr4ck/.m2/repository/io/quarkus/quarkus-bootstrap-core/1.12.0.Final/quarkus-bootstrap-core-1.12.0.Final.jar:/home/m4ndr4ck/.m2/repository/io/quarkus/quarkus-bootstrap-app-model/1.12.0.Final/quarkus-bootstrap-app-model-1.12.0.Final.jar:/home/m4ndr4ck/.m2/repository/io/quarkus/quarkus-bootstrap-maven-resolver/1.12.0.Final/quarkus-bootstrap-maven-resolver-1.12.0.Final.jar:/home/m4ndr4ck/.m2/repository/org/apache/maven/maven-embedder/3.6.3/maven-embedder-3.6.3.jar:/home/m4ndr4ck/.m2/repository/org/apache/maven/maven-settings/3.6.3/maven-settings-3.6.3.jar:/home/m4ndr4ck/.m2/repository/org/apache/maven/maven-core/3.6.3/maven-core-3.6.3.jar:/home/m4ndr4ck/.m2/repository/org/apache/maven/maven-artifact/3.6.3/maven-artifact-3.6.3.jar:/home/m4ndr4ck/.m2/repository/org/codehaus/plexus/plexus-component-annotations/2.1.0/plexus-component-annotations-2.1.0.jar:/home/m4ndr4ck/.m2/repository/org/apache/maven/maven-plugin-api/3.6.3/maven-plugin-api-3.6.3.jar:/home/m4ndr4ck/.m2/repository/org/apache/maven/maven-model/3.6.3/maven-model-3.6.3.jar:/home/m4ndr4ck/.m2/repository/org/apache/maven/maven-model-builder/3.6.3/maven-model-builder-3.6.3.jar:/home/m4ndr4ck/.m2/repository/org/apache/maven/maven-builder-support/3.6.3/maven-builder-support-3.6.3.jar:/home/m4ndr4ck/.m2/repository/org/apache/maven/resolver/maven-resolver-api/1.4.1/maven-resolver-api-1.4.1.jar:/home/m4ndr4ck/.m2/repository/org/apache/maven/resolver/maven-resolver-util/1.4.1/maven-resolver-util-1.4.1.jar:/home/m4ndr4ck/.m2/repository/org/apache/maven/shared/maven-shared-utils/3.2.1/maven-shared-utils-3.2.1.jar:/home/m4ndr4ck/.m2/repository/commons-io/commons-io/2.8.0/commons-io-2.8.0.jar:/home/m4ndr4ck/.m2/repository/com/google/inject/guice/4.2.1/guice-4.2.1-no_aop.jar:/home/m4ndr4ck/.m2/repository/com/google/guava/guava/30.1-jre/guava-30.1-jre.jar:/home/m4ndr4ck/.m2/repository/com/google/guava/failureaccess/1.0.1/failureaccess-1.0.1.jar:/home/m4ndr4ck/.m2/repository/com/google/guava/listenablefuture/9999.0-empty-to-avoid-conflict-with-guava/listenablefuture-9999.0-empty-to-avoid-conflict-with-guava.jar:/home/m4ndr4ck/.m2/repository/org/codehaus/plexus/plexus-utils/3.2.1/plexus-utils-3.2.1.jar:/home/m4ndr4ck/.m2/repository/org/codehaus/plexus/plexus-classworlds/2.6.0/plexus-classworlds-2.6.0.jar:/home/m4ndr4ck/.m2/repository/commons-cli/commons-cli/1.4/commons-cli-1.4.jar:/home/m4ndr4ck/.m2/repository/org/eclipse/sisu/org.eclipse.sisu.plexus/0.3.4/org.eclipse.sisu.plexus-0.3.4.jar:/home/m4ndr4ck/.m2/repository/org/apache/maven/maven-settings-builder/3.6.3/maven-settings-builder-3.6.3.jar:/home/m4ndr4ck/.m2/repository/org/codehaus/plexus/plexus-interpolation/1.25/plexus-interpolation-1.25.jar:/home/m4ndr4ck/.m2/repository/org/sonatype/plexus/plexus-sec-dispatcher/1.4/plexus-sec-dispatcher-1.4.jar:/home/m4ndr4ck/.m2/repository/org/sonatype/plexus/plexus-cipher/1.4/plexus-cipher-1.4.jar:/home/m4ndr4ck/.m2/repository/org/apache/maven/maven-resolver-provider/3.6.3/maven-resolver-provider-3.6.3.jar:/home/m4ndr4ck/.m2/repository/org/apache/maven/maven-repository-metadata/3.6.3/maven-repository-metadata-3.6.3.jar:/home/m4ndr4ck/.m2/repository/org/apache/maven/resolver/maven-resolver-spi/1.4.1/maven-resolver-spi-1.4.1.jar:/home/m4ndr4ck/.m2/repository/org/apache/maven/resolver/maven-resolver-impl/1.4.1/maven-resolver-impl-1.4.1.jar:/home/m4ndr4ck/.m2/repository/org/apache/maven/resolver/maven-resolver-connector-basic/1.4.1/maven-resolver-connector-basic-1.4.1.jar:/home/m4ndr4ck/.m2/repository/org/apache/maven/resolver/maven-resolver-transport-wagon/1.4.1/maven-resolver-transport-wagon-1.4.1.jar:/home/m4ndr4ck/.m2/repository/org/apache/maven/wagon/wagon-http/3.3.4/wagon-http-3.3.4.jar:/home/m4ndr4ck/.m2/repository/org/apache/maven/wagon/wagon-http-shared/3.3.4/wagon-http-shared-3.3.4.jar:/home/m4ndr4ck/.m2/repository/org/jsoup/jsoup/1.12.1/jsoup-1.12.1.jar:/home/m4ndr4ck/.m2/repository/org/apache/maven/wagon/wagon-provider-api/3.3.4/wagon-provider-api-3.3.4.jar:/home/m4ndr4ck/.m2/repository/org/apache/maven/wagon/wagon-file/3.3.4/wagon-file-3.3.4.jar:/home/m4ndr4ck/.m2/repository/io/quarkus/quarkus-bootstrap-gradle-resolver/1.12.0.Final/quarkus-bootstrap-gradle-resolver-1.12.0.Final.jar:/home/m4ndr4ck/.m2/repository/io/smallrye/common/smallrye-common-io/1.5.0/smallrye-common-io-1.5.0.jar:/home/m4ndr4ck/.m2/repository/org/eclipse/sisu/org.eclipse.sisu.inject/0.3.4/org.eclipse.sisu.inject-0.3.4.jar:/home/m4ndr4ck/.m2/repository/io/quarkus/quarkus-test-common/1.12.0.Final/quarkus-test-common-1.12.0.Final.jar:/home/m4ndr4ck/.m2/repository/io/quarkus/quarkus-core-deployment/1.12.0.Final/quarkus-core-deployment-1.12.0.Final.jar:/home/m4ndr4ck/.m2/repository/io/quarkus/gizmo/gizmo/1.0.6.Final/gizmo-1.0.6.Final.jar:/home/m4ndr4ck/.m2/repository/org/ow2/asm/asm-util/9.0/asm-util-9.0.jar:/home/m4ndr4ck/.m2/repository/org/ow2/asm/asm-tree/9.0/asm-tree-9.0.jar:/home/m4ndr4ck/.m2/repository/org/ow2/asm/asm-analysis/9.0/asm-analysis-9.0.jar:/home/m4ndr4ck/.m2/repository/org/ow2/asm/asm/9.0/asm-9.0.jar:/home/m4ndr4ck/.m2/repository/io/quarkus/quarkus-devtools-utilities/1.12.0.Final/quarkus-devtools-utilities-1.12.0.Final.jar:/home/m4ndr4ck/.m2/repository/io/quarkus/quarkus-builder/1.12.0.Final/quarkus-builder-1.12.0.Final.jar:/home/m4ndr4ck/.m2/repository/io/quarkus/quarkus-jsonp-deployment/1.12.0.Final/quarkus-jsonp-deployment-1.12.0.Final.jar:/home/m4ndr4ck/.m2/repository/org/jboss/jandex/2.2.3.Final/jandex-2.2.3.Final.jar:/home/m4ndr4ck/.m2/repository/org/jboss/logging/commons-logging-jboss-logging/1.0.0.Final/commons-logging-jboss-logging-1.0.0.Final.jar:/home/m4ndr4ck/.m2/repository/org/junit/jupiter/junit-jupiter/5.7.1/junit-jupiter-5.7.1.jar:/home/m4ndr4ck/.m2/repository/org/junit/jupiter/junit-jupiter-api/5.7.1/junit-jupiter-api-5.7.1.jar:/home/m4ndr4ck/.m2/repository/org/apiguardian/apiguardian-api/1.1.0/apiguardian-api-1.1.0.jar:/home/m4ndr4ck/.m2/repository/org/opentest4j/opentest4j/1.2.0/opentest4j-1.2.0.jar:/home/m4ndr4ck/.m2/repository/org/junit/platform/junit-platform-commons/1.7.1/junit-platform-commons-1.7.1.jar:/home/m4ndr4ck/.m2/repository/org/junit/jupiter/junit-jupiter-params/5.7.1/junit-jupiter-params-5.7.1.jar:/home/m4ndr4ck/.m2/repository/org/junit/jupiter/junit-jupiter-engine/5.7.1/junit-jupiter-engine-5.7.1.jar:/home/m4ndr4ck/.m2/repository/org/junit/platform/junit-platform-engine/1.7.1/junit-platform-engine-1.7.1.jar:/home/m4ndr4ck/.m2/repository/com/thoughtworks/xstream/xstream/1.4.15/xstream-1.4.15.jar:/home/m4ndr4ck/.m2/repository/xmlpull/xmlpull/1.1.3.1/xmlpull-1.1.3.1.jar:/home/m4ndr4ck/.m2/repository/jakarta/interceptor/jakarta.interceptor-api/1.2.5/jakarta.interceptor-api-1.2.5.jar:/home/m4ndr4ck/.m2/repository/org/glassfish/jakarta.el/3.0.3/jakarta.el-3.0.3.jar:/home/m4ndr4ck/.m2/repository/io/quarkus/quarkus-hibernate-validator/1.12.0.Final/quarkus-hibernate-validator-1.12.0.Final.jar:/home/m4ndr4ck/.m2/repository/org/hibernate/validator/hibernate-validator/6.2.0.Final/hibernate-validator-6.2.0.Final.jar:/home/m4ndr4ck/.m2/repository/com/fasterxml/classmate/1.3.4/classmate-1.3.4.jar:/home/m4ndr4ck/.m2/repository/io/quarkus/quarkus-smallrye-openapi/1.12.0.Final/quarkus-smallrye-openapi-1.12.0.Final.jar:/home/m4ndr4ck/.m2/repository/io/smallrye/smallrye-open-api-core/2.0.22/smallrye-open-api-core-2.0.22.jar:/home/m4ndr4ck/.m2/repository/com/fasterxml/jackson/dataformat/jackson-dataformat-yaml/2.12.1/jackson-dataformat-yaml-2.12.1.jar:/home/m4ndr4ck/.m2/repository/io/quarkus/quarkus-swagger-ui/1.12.0.Final/quarkus-swagger-ui-1.12.0.Final.jar:/home/m4ndr4ck/.m2/repository/io/quarkus/quarkus-config-yaml/1.12.0.Final/quarkus-config-yaml-1.12.0.Final.jar:/home/m4ndr4ck/.m2/repository/io/smallrye/config/smallrye-config-source-yaml/1.10.2/smallrye-config-source-yaml-1.10.2.jar:/home/m4ndr4ck/.m2/repository/org/yaml/snakeyaml/1.27/snakeyaml-1.27.jar:/home/m4ndr4ck/.m2/repository/io/smallrye/config/smallrye-config-common/1.10.2/smallrye-config-common-1.10.2.jar:/home/m4ndr4ck/.m2/repository/io/smallrye/common/smallrye-common-constraint/1.5.0/smallrye-common-constraint-1.5.0.jar:/home/m4ndr4ck/.m2/repository/org/eclipse/microprofile/config/microprofile-config-api/1.4/microprofile-config-api-1.4.jar:/home/m4ndr4ck/.m2/repository/io/quarkus/quarkus-smallrye-health/1.12.0.Final/quarkus-smallrye-health-1.12.0.Final.jar:/home/m4ndr4ck/.m2/repository/io/smallrye/smallrye-health/2.2.5/smallrye-health-2.2.5.jar:/home/m4ndr4ck/.m2/repository/org/eclipse/microprofile/health/microprofile-health-api/2.2/microprofile-health-api-2.2.jar:/home/m4ndr4ck/.m2/repository/io/smallrye/smallrye-health-api/2.2.5/smallrye-health-api-2.2.5.jar:/home/m4ndr4ck/.m2/repository/io/smallrye/smallrye-health-provided-checks/2.2.5/smallrye-health-provided-checks-2.2.5.jar:/home/m4ndr4ck/.m2/repository/io/quarkus/quarkus-jsonp/1.12.0.Final/quarkus-jsonp-1.12.0.Final.jar:/home/m4ndr4ck/.m2/repository/org/glassfish/jakarta.json/1.1.6/jakarta.json-1.1.6.jar:/home/m4ndr4ck/.m2/repository/io/rest-assured/rest-assured/4.3.3/rest-assured-4.3.3.jar:/home/m4ndr4ck/.m2/repository/org/codehaus/groovy/groovy/3.0.5/groovy-3.0.5.jar:/home/m4ndr4ck/.m2/repository/org/codehaus/groovy/groovy-xml/3.0.7/groovy-xml-3.0.7.jar:/home/m4ndr4ck/.m2/repository/org/apache/httpcomponents/httpclient/4.5.13/httpclient-4.5.13.jar:/home/m4ndr4ck/.m2/repository/org/apache/httpcomponents/httpcore/4.4.14/httpcore-4.4.14.jar:/home/m4ndr4ck/.m2/repository/commons-codec/commons-codec/1.14/commons-codec-1.14.jar:/home/m4ndr4ck/.m2/repository/org/apache/httpcomponents/httpmime/4.5.13/httpmime-4.5.13.jar:/home/m4ndr4ck/.m2/repository/org/hamcrest/hamcrest/2.1/hamcrest-2.1.jar:/home/m4ndr4ck/.m2/repository/org/ccil/cowan/tagsoup/tagsoup/1.2.1/tagsoup-1.2.1.jar:/home/m4ndr4ck/.m2/repository/io/rest-assured/json-path/4.3.3/json-path-4.3.3.jar:/home/m4ndr4ck/.m2/repository/org/codehaus/groovy/groovy-json/3.0.5/groovy-json-3.0.5.jar:/home/m4ndr4ck/.m2/repository/io/rest-assured/rest-assured-common/4.3.3/rest-assured-common-4.3.3.jar:/home/m4ndr4ck/.m2/repository/io/rest-assured/xml-path/4.3.3/xml-path-4.3.3.jar:/home/m4ndr4ck/.m2/repository/org/apache/commons/commons-lang3/3.11/commons-lang3-3.11.jar:/home/m4ndr4ck/.m2/repository/com/sun/xml/bind/jaxb-impl/2.3.3/jaxb-impl-2.3.3.jar:"/>
    <property name="sun.cpu.endian" value="little"/>
    <property name="user.home" value="/home/m4ndr4ck"/>
    <property name="user.language" value="en"/>
    <property name="java.specification.vendor" value="Oracle Corporation"/>
    <property name="jdk.module.path" value="/home/m4ndr4ck/dev/topology-inventory-exporter/framework/target/classes:/home/m4ndr4ck/dev/topology-inventory-exporter/domain/target/domain-1.0-SNAPSHOT.jar:/home/m4ndr4ck/.m2/repository/org/projectlombok/lombok/1.18.16/lombok-1.18.16.jar:/home/m4ndr4ck/dev/topology-inventory-exporter/application/target/application-1.0-SNAPSHOT.jar:/home/m4ndr4ck/.m2/repository/jakarta/inject/jakarta.inject-api/1.0/jakarta.inject-api-1.0.jar:/home/m4ndr4ck/.m2/repository/org/jboss/spec/javax/ws/rs/jboss-jaxrs-api_2.1_spec/2.0.1.Final/jboss-jaxrs-api_2.1_spec-2.0.1.Final.jar:/home/m4ndr4ck/.m2/repository/com/sun/activation/jakarta.activation/1.2.1/jakarta.activation-1.2.1.jar:/home/m4ndr4ck/.m2/repository/io/quarkus/quarkus-jackson/1.12.0.Final/quarkus-jackson-1.12.0.Final.jar:/home/m4ndr4ck/.m2/repository/com/fasterxml/jackson/core/jackson-databind/2.12.1/jackson-databind-2.12.1.jar:/home/m4ndr4ck/.m2/repository/com/fasterxml/jackson/core/jackson-core/2.12.1/jackson-core-2.12.1.jar:/home/m4ndr4ck/.m2/repository/com/fasterxml/jackson/core/jackson-annotations/2.12.1/jackson-annotations-2.12.1.jar:/home/m4ndr4ck/.m2/repository/com/fasterxml/jackson/jaxrs/jackson-jaxrs-json-provider/2.12.1/jackson-jaxrs-json-provider-2.12.1.jar:/home/m4ndr4ck/.m2/repository/com/fasterxml/jackson/jaxrs/jackson-jaxrs-base/2.12.1/jackson-jaxrs-base-2.12.1.jar:/home/m4ndr4ck/.m2/repository/com/fasterxml/jackson/module/jackson-module-jaxb-annotations/2.12.1/jackson-module-jaxb-annotations-2.12.1.jar:/home/m4ndr4ck/.m2/repository/org/jboss/spec/javax/xml/bind/jboss-jaxb-api_2.3_spec/2.0.0.Final/jboss-jaxb-api_2.3_spec-2.0.0.Final.jar:/home/m4ndr4ck/.m2/repository/org/mockito/mockito-core/3.7.7/mockito-core-3.7.7.jar:/home/m4ndr4ck/.m2/repository/jakarta/validation/jakarta.validation-api/2.0.2/jakarta.validation-api-2.0.2.jar:/home/m4ndr4ck/.m2/repository/jakarta/enterprise/jakarta.enterprise.cdi-api/2.0.2/jakarta.enterprise.cdi-api-2.0.2.jar:/home/m4ndr4ck/.m2/repository/jakarta/el/jakarta.el-api/3.0.3/jakarta.el-api-3.0.3.jar:/home/m4ndr4ck/.m2/repository/org/eclipse/microprofile/openapi/microprofile-openapi-api/1.1.2/microprofile-openapi-api-1.1.2.jar"/>
    <property name="java.version.date" value="2020-01-14"/>
    <property name="java.home" value="/home/m4ndr4ck/Downloads/jdk-11.0.6"/>
    <property name="file.separator" value="/"/>
    <property name="basedir" value="/home/m4ndr4ck/dev/topology-inventory-exporter/framework"/>
    <property name="java.vm.compressedOopsMode" value="Zero based"/>
    <property name="line.separator" value="&#10;"/>
    <property name="java.specification.name" value="Java Platform API Specification"/>
    <property name="java.vm.specification.vendor" value="Oracle Corporation"/>
    <property name="java.awt.graphicsenv" value="sun.awt.X11GraphicsEnvironment"/>
    <property name="surefire.real.class.path" value="/home/m4ndr4ck/.m2/repository/org/apache/maven/surefire/surefire-booter/2.22.1/surefire-booter-2.22.1.jar:/home/m4ndr4ck/.m2/repository/org/apache/maven/surefire/surefire-api/2.22.1/surefire-api-2.22.1.jar:/home/m4ndr4ck/.m2/repository/org/apache/maven/surefire/surefire-logger-api/2.22.1/surefire-logger-api-2.22.1.jar:/home/m4ndr4ck/dev/topology-inventory-exporter/framework/target/test-classes:/home/m4ndr4ck/.m2/repository/io/quarkus/quarkus-resteasy/1.12.0.Final/quarkus-resteasy-1.12.0.Final.jar:/home/m4ndr4ck/.m2/repository/io/quarkus/quarkus-vertx-http/1.12.0.Final/quarkus-vertx-http-1.12.0.Final.jar:/home/m4ndr4ck/.m2/repository/io/quarkus/quarkus-security-runtime-spi/1.12.0.Final/quarkus-security-runtime-spi-1.12.0.Final.jar:/home/m4ndr4ck/.m2/repository/io/quarkus/quarkus-vertx-http-dev-console-runtime-spi/1.12.0.Final/quarkus-vertx-http-dev-console-runtime-spi-1.12.0.Final.jar:/home/m4ndr4ck/.m2/repository/io/quarkus/security/quarkus-security/1.1.3.Final/quarkus-security-1.1.3.Final.jar:/home/m4ndr4ck/.m2/repository/io/smallrye/reactive/mutiny/0.13.0/mutiny-0.13.0.jar:/home/m4ndr4ck/.m2/repository/org/reactivestreams/reactive-streams/1.0.3/reactive-streams-1.0.3.jar:/home/m4ndr4ck/.m2/repository/io/quarkus/quarkus-vertx-core/1.12.0.Final/quarkus-vertx-core-1.12.0.Final.jar:/home/m4ndr4ck/.m2/repository/io/quarkus/quarkus-netty/1.12.0.Final/quarkus-netty-1.12.0.Final.jar:/home/m4ndr4ck/.m2/repository/io/netty/netty-codec/4.1.49.Final/netty-codec-4.1.49.Final.jar:/home/m4ndr4ck/.m2/repository/io/netty/netty-handler/4.1.49.Final/netty-handler-4.1.49.Final.jar:/home/m4ndr4ck/.m2/repository/io/vertx/vertx-core/3.9.5/vertx-core-3.9.5.jar:/home/m4ndr4ck/.m2/repository/io/netty/netty-common/4.1.49.Final/netty-common-4.1.49.Final.jar:/home/m4ndr4ck/.m2/repository/io/netty/netty-buffer/4.1.49.Final/netty-buffer-4.1.49.Final.jar:/home/m4ndr4ck/.m2/repository/io/netty/netty-transport/4.1.49.Final/netty-transport-4.1.49.Final.jar:/home/m4ndr4ck/.m2/repository/io/netty/netty-handler-proxy/4.1.49.Final/netty-handler-proxy-4.1.49.Final.jar:/home/m4ndr4ck/.m2/repository/io/netty/netty-codec-socks/4.1.49.Final/netty-codec-socks-4.1.49.Final.jar:/home/m4ndr4ck/.m2/repository/io/netty/netty-codec-http/4.1.49.Final/netty-codec-http-4.1.49.Final.jar:/home/m4ndr4ck/.m2/repository/io/netty/netty-codec-http2/4.1.49.Final/netty-codec-http2-4.1.49.Final.jar:/home/m4ndr4ck/.m2/repository/io/netty/netty-resolver/4.1.49.Final/netty-resolver-4.1.49.Final.jar:/home/m4ndr4ck/.m2/repository/io/netty/netty-resolver-dns/4.1.49.Final/netty-resolver-dns-4.1.49.Final.jar:/home/m4ndr4ck/.m2/repository/io/netty/netty-codec-dns/4.1.49.Final/netty-codec-dns-4.1.49.Final.jar:/home/m4ndr4ck/.m2/repository/io/vertx/vertx-web/3.9.5/vertx-web-3.9.5.jar:/home/m4ndr4ck/.m2/repository/io/vertx/vertx-web-common/3.9.5/vertx-web-common-3.9.5.jar:/home/m4ndr4ck/.m2/repository/io/vertx/vertx-auth-common/3.9.5/vertx-auth-common-3.9.5.jar:/home/m4ndr4ck/.m2/repository/io/vertx/vertx-bridge-common/3.9.5/vertx-bridge-common-3.9.5.jar:/home/m4ndr4ck/.m2/repository/io/quarkus/quarkus-resteasy-server-common/1.12.0.Final/quarkus-resteasy-server-common-1.12.0.Final.jar:/home/m4ndr4ck/.m2/repository/io/quarkus/quarkus-resteasy-common/1.12.0.Final/quarkus-resteasy-common-1.12.0.Final.jar:/home/m4ndr4ck/.m2/repository/org/jboss/resteasy/resteasy-core/4.5.9.Final/resteasy-core-4.5.9.Final.jar:/home/m4ndr4ck/.m2/repository/org/jboss/resteasy/resteasy-core-spi/4.5.9.Final/resteasy-core-spi-4.5.9.Final.jar:/home/m4ndr4ck/.m2/repository/com/ibm/async/asyncutil/0.1.0/asyncutil-0.1.0.jar:/home/m4ndr4ck/.m2/repository/io/quarkus/quarkus-resteasy-jackson/1.12.0.Final/quarkus-resteasy-jackson-1.12.0.Final.jar:/home/m4ndr4ck/.m2/repository/com/fasterxml/jackson/datatype/jackson-datatype-jsr310/2.12.1/jackson-datatype-jsr310-2.12.1.jar:/home/m4ndr4ck/.m2/repository/com/fasterxml/jackson/datatype/jackson-datatype-jdk8/2.12.1/jackson-datatype-jdk8-2.12.1.jar:/home/m4ndr4ck/.m2/repository/com/fasterxml/jackson/module/jackson-module-parameter-names/2.12.1/jackson-module-parameter-names-2.12.1.jar:/home/m4ndr4ck/.m2/repository/org/jboss/resteasy/resteasy-jackson2-provider/4.5.9.Final/resteasy-jackson2-provider-4.5.9.Final.jar:/home/m4ndr4ck/.m2/repository/org/jboss/resteasy/resteasy-jaxb-provider/4.5.9.Final/resteasy-jaxb-provider-4.5.9.Final.jar:/home/m4ndr4ck/.m2/repository/org/glassfish/jaxb/jaxb-runtime/2.3.3-b02/jaxb-runtime-2.3.3-b02.jar:/home/m4ndr4ck/.m2/repository/org/glassfish/jaxb/txw2/2.3.3-b02/txw2-2.3.3-b02.jar:/home/m4ndr4ck/.m2/repository/com/sun/istack/istack-commons-runtime/3.0.10/istack-commons-runtime-3.0.10.jar:/home/m4ndr4ck/.m2/repository/com/github/java-json-tools/json-patch/1.13/json-patch-1.13.jar:/home/m4ndr4ck/.m2/repository/com/github/java-json-tools/msg-simple/1.2/msg-simple-1.2.jar:/home/m4ndr4ck/.m2/repository/com/github/java-json-tools/btf/1.3/btf-1.3.jar:/home/m4ndr4ck/.m2/repository/com/github/java-json-tools/jackson-coreutils/2.0/jackson-coreutils-2.0.jar:/home/m4ndr4ck/.m2/repository/org/jboss/logging/jboss-logging/3.4.1.Final/jboss-logging-3.4.1.Final.jar:/home/m4ndr4ck/.m2/repository/net/bytebuddy/byte-buddy/1.10.19/byte-buddy-1.10.19.jar:/home/m4ndr4ck/.m2/repository/net/bytebuddy/byte-buddy-agent/1.10.19/byte-buddy-agent-1.10.19.jar:/home/m4ndr4ck/.m2/repository/org/objenesis/objenesis/3.1/objenesis-3.1.jar:/home/m4ndr4ck/.m2/repository/org/json/json/20201115/json-20201115.jar:/home/m4ndr4ck/.m2/repository/io/quarkus/quarkus-arc/1.12.0.Final/quarkus-arc-1.12.0.Final.jar:/home/m4ndr4ck/.m2/repository/io/quarkus/arc/arc/1.12.0.Final/arc-1.12.0.Final.jar:/home/m4ndr4ck/.m2/repository/jakarta/annotation/jakarta.annotation-api/1.3.5/jakarta.annotation-api-1.3.5.jar:/home/m4ndr4ck/.m2/repository/jakarta/transaction/jakarta.transaction-api/1.3.3/jakarta.transaction-api-1.3.3.jar:/home/m4ndr4ck/.m2/repository/io/quarkus/quarkus-core/1.12.0.Final/quarkus-core-1.12.0.Final.jar:/home/m4ndr4ck/.m2/repository/io/quarkus/quarkus-ide-launcher/1.12.0.Final/quarkus-ide-launcher-1.12.0.Final.jar:/home/m4ndr4ck/.m2/repository/io/quarkus/quarkus-development-mode-spi/1.12.0.Final/quarkus-development-mode-spi-1.12.0.Final.jar:/home/m4ndr4ck/.m2/repository/io/smallrye/config/smallrye-config/1.10.2/smallrye-config-1.10.2.jar:/home/m4ndr4ck/.m2/repository/io/smallrye/common/smallrye-common-annotation/1.5.0/smallrye-common-annotation-1.5.0.jar:/home/m4ndr4ck/.m2/repository/io/smallrye/common/smallrye-common-expression/1.5.0/smallrye-common-expression-1.5.0.jar:/home/m4ndr4ck/.m2/repository/io/smallrye/common/smallrye-common-function/1.5.0/smallrye-common-function-1.5.0.jar:/home/m4ndr4ck/.m2/repository/io/smallrye/common/smallrye-common-classloader/1.5.0/smallrye-common-classloader-1.5.0.jar:/home/m4ndr4ck/.m2/repository/org/jboss/logmanager/jboss-logmanager-embedded/1.0.6/jboss-logmanager-embedded-1.0.6.jar:/home/m4ndr4ck/.m2/repository/org/jboss/logging/jboss-logging-annotations/2.2.0.Final/jboss-logging-annotations-2.2.0.Final.jar:/home/m4ndr4ck/.m2/repository/org/jboss/threads/jboss-threads/3.2.0.Final/jboss-threads-3.2.0.Final.jar:/home/m4ndr4ck/.m2/repository/org/slf4j/slf4j-api/1.7.30/slf4j-api-1.7.30.jar:/home/m4ndr4ck/.m2/repository/org/jboss/slf4j/slf4j-jboss-logmanager/1.1.0.Final/slf4j-jboss-logmanager-1.1.0.Final.jar:/home/m4ndr4ck/.m2/repository/org/graalvm/sdk/graal-sdk/21.0.0/graal-sdk-21.0.0.jar:/home/m4ndr4ck/.m2/repository/org/wildfly/common/wildfly-common/1.5.4.Final-format-001/wildfly-common-1.5.4.Final-format-001.jar:/home/m4ndr4ck/.m2/repository/io/quarkus/quarkus-bootstrap-runner/1.12.0.Final/quarkus-bootstrap-runner-1.12.0.Final.jar:/home/m4ndr4ck/.m2/repository/org/eclipse/microprofile/context-propagation/microprofile-context-propagation-api/1.0.1/microprofile-context-propagation-api-1.0.1.jar:/home/m4ndr4ck/.m2/repository/io/quarkus/quarkus-junit5/1.12.0.Final/quarkus-junit5-1.12.0.Final.jar:/home/m4ndr4ck/.m2/repository/io/quarkus/quarkus-bootstrap-core/1.12.0.Final/quarkus-bootstrap-core-1.12.0.Final.jar:/home/m4ndr4ck/.m2/repository/io/quarkus/quarkus-bootstrap-app-model/1.12.0.Final/quarkus-bootstrap-app-model-1.12.0.Final.jar:/home/m4ndr4ck/.m2/repository/io/quarkus/quarkus-bootstrap-maven-resolver/1.12.0.Final/quarkus-bootstrap-maven-resolver-1.12.0.Final.jar:/home/m4ndr4ck/.m2/repository/org/apache/maven/maven-embedder/3.6.3/maven-embedder-3.6.3.jar:/home/m4ndr4ck/.m2/repository/org/apache/maven/maven-settings/3.6.3/maven-settings-3.6.3.jar:/home/m4ndr4ck/.m2/repository/org/apache/maven/maven-core/3.6.3/maven-core-3.6.3.jar:/home/m4ndr4ck/.m2/repository/org/apache/maven/maven-artifact/3.6.3/maven-artifact-3.6.3.jar:/home/m4ndr4ck/.m2/repository/org/codehaus/plexus/plexus-component-annotations/2.1.0/plexus-component-annotations-2.1.0.jar:/home/m4ndr4ck/.m2/repository/org/apache/maven/maven-plugin-api/3.6.3/maven-plugin-api-3.6.3.jar:/home/m4ndr4ck/.m2/repository/org/apache/maven/maven-model/3.6.3/maven-model-3.6.3.jar:/home/m4ndr4ck/.m2/repository/org/apache/maven/maven-model-builder/3.6.3/maven-model-builder-3.6.3.jar:/home/m4ndr4ck/.m2/repository/org/apache/maven/maven-builder-support/3.6.3/maven-builder-support-3.6.3.jar:/home/m4ndr4ck/.m2/repository/org/apache/maven/resolver/maven-resolver-api/1.4.1/maven-resolver-api-1.4.1.jar:/home/m4ndr4ck/.m2/repository/org/apache/maven/resolver/maven-resolver-util/1.4.1/maven-resolver-util-1.4.1.jar:/home/m4ndr4ck/.m2/repository/org/apache/maven/shared/maven-shared-utils/3.2.1/maven-shared-utils-3.2.1.jar:/home/m4ndr4ck/.m2/repository/commons-io/commons-io/2.8.0/commons-io-2.8.0.jar:/home/m4ndr4ck/.m2/repository/com/google/inject/guice/4.2.1/guice-4.2.1-no_aop.jar:/home/m4ndr4ck/.m2/repository/com/google/guava/guava/30.1-jre/guava-30.1-jre.jar:/home/m4ndr4ck/.m2/repository/com/google/guava/failureaccess/1.0.1/failureaccess-1.0.1.jar:/home/m4ndr4ck/.m2/repository/com/google/guava/listenablefuture/9999.0-empty-to-avoid-conflict-with-guava/listenablefuture-9999.0-empty-to-avoid-conflict-with-guava.jar:/home/m4ndr4ck/.m2/repository/org/codehaus/plexus/plexus-utils/3.2.1/plexus-utils-3.2.1.jar:/home/m4ndr4ck/.m2/repository/org/codehaus/plexus/plexus-classworlds/2.6.0/plexus-classworlds-2.6.0.jar:/home/m4ndr4ck/.m2/repository/commons-cli/commons-cli/1.4/commons-cli-1.4.jar:/home/m4ndr4ck/.m2/repository/org/eclipse/sisu/org.eclipse.sisu.plexus/0.3.4/org.eclipse.sisu.plexus-0.3.4.jar:/home/m4ndr4ck/.m2/repository/org/apache/maven/maven-settings-builder/3.6.3/maven-settings-builder-3.6.3.jar:/home/m4ndr4ck/.m2/repository/org/codehaus/plexus/plexus-interpolation/1.25/plexus-interpolation-1.25.jar:/home/m4ndr4ck/.m2/repository/org/sonatype/plexus/plexus-sec-dispatcher/1.4/plexus-sec-dispatcher-1.4.jar:/home/m4ndr4ck/.m2/repository/org/sonatype/plexus/plexus-cipher/1.4/plexus-cipher-1.4.jar:/home/m4ndr4ck/.m2/repository/org/apache/maven/maven-resolver-provider/3.6.3/maven-resolver-provider-3.6.3.jar:/home/m4ndr4ck/.m2/repository/org/apache/maven/maven-repository-metadata/3.6.3/maven-repository-metadata-3.6.3.jar:/home/m4ndr4ck/.m2/repository/org/apache/maven/resolver/maven-resolver-spi/1.4.1/maven-resolver-spi-1.4.1.jar:/home/m4ndr4ck/.m2/repository/org/apache/maven/resolver/maven-resolver-impl/1.4.1/maven-resolver-impl-1.4.1.jar:/home/m4ndr4ck/.m2/repository/org/apache/maven/resolver/maven-resolver-connector-basic/1.4.1/maven-resolver-connector-basic-1.4.1.jar:/home/m4ndr4ck/.m2/repository/org/apache/maven/resolver/maven-resolver-transport-wagon/1.4.1/maven-resolver-transport-wagon-1.4.1.jar:/home/m4ndr4ck/.m2/repository/org/apache/maven/wagon/wagon-http/3.3.4/wagon-http-3.3.4.jar:/home/m4ndr4ck/.m2/repository/org/apache/maven/wagon/wagon-http-shared/3.3.4/wagon-http-shared-3.3.4.jar:/home/m4ndr4ck/.m2/repository/org/jsoup/jsoup/1.12.1/jsoup-1.12.1.jar:/home/m4ndr4ck/.m2/repository/org/apache/maven/wagon/wagon-provider-api/3.3.4/wagon-provider-api-3.3.4.jar:/home/m4ndr4ck/.m2/repository/org/apache/maven/wagon/wagon-file/3.3.4/wagon-file-3.3.4.jar:/home/m4ndr4ck/.m2/repository/io/quarkus/quarkus-bootstrap-gradle-resolver/1.12.0.Final/quarkus-bootstrap-gradle-resolver-1.12.0.Final.jar:/home/m4ndr4ck/.m2/repository/io/smallrye/common/smallrye-common-io/1.5.0/smallrye-common-io-1.5.0.jar:/home/m4ndr4ck/.m2/repository/org/eclipse/sisu/org.eclipse.sisu.inject/0.3.4/org.eclipse.sisu.inject-0.3.4.jar:/home/m4ndr4ck/.m2/repository/io/quarkus/quarkus-test-common/1.12.0.Final/quarkus-test-common-1.12.0.Final.jar:/home/m4ndr4ck/.m2/repository/io/quarkus/quarkus-core-deployment/1.12.0.Final/quarkus-core-deployment-1.12.0.Final.jar:/home/m4ndr4ck/.m2/repository/io/quarkus/gizmo/gizmo/1.0.6.Final/gizmo-1.0.6.Final.jar:/home/m4ndr4ck/.m2/repository/org/ow2/asm/asm-util/9.0/asm-util-9.0.jar:/home/m4ndr4ck/.m2/repository/org/ow2/asm/asm-tree/9.0/asm-tree-9.0.jar:/home/m4ndr4ck/.m2/repository/org/ow2/asm/asm-analysis/9.0/asm-analysis-9.0.jar:/home/m4ndr4ck/.m2/repository/org/ow2/asm/asm/9.0/asm-9.0.jar:/home/m4ndr4ck/.m2/repository/io/quarkus/quarkus-devtools-utilities/1.12.0.Final/quarkus-devtools-utilities-1.12.0.Final.jar:/home/m4ndr4ck/.m2/repository/io/quarkus/quarkus-builder/1.12.0.Final/quarkus-builder-1.12.0.Final.jar:/home/m4ndr4ck/.m2/repository/io/quarkus/quarkus-jsonp-deployment/1.12.0.Final/quarkus-jsonp-deployment-1.12.0.Final.jar:/home/m4ndr4ck/.m2/repository/org/jboss/jandex/2.2.3.Final/jandex-2.2.3.Final.jar:/home/m4ndr4ck/.m2/repository/org/jboss/logging/commons-logging-jboss-logging/1.0.0.Final/commons-logging-jboss-logging-1.0.0.Final.jar:/home/m4ndr4ck/.m2/repository/org/junit/jupiter/junit-jupiter/5.7.1/junit-jupiter-5.7.1.jar:/home/m4ndr4ck/.m2/repository/org/junit/jupiter/junit-jupiter-api/5.7.1/junit-jupiter-api-5.7.1.jar:/home/m4ndr4ck/.m2/repository/org/apiguardian/apiguardian-api/1.1.0/apiguardian-api-1.1.0.jar:/home/m4ndr4ck/.m2/repository/org/opentest4j/opentest4j/1.2.0/opentest4j-1.2.0.jar:/home/m4ndr4ck/.m2/repository/org/junit/platform/junit-platform-commons/1.7.1/junit-platform-commons-1.7.1.jar:/home/m4ndr4ck/.m2/repository/org/junit/jupiter/junit-jupiter-params/5.7.1/junit-jupiter-params-5.7.1.jar:/home/m4ndr4ck/.m2/repository/org/junit/jupiter/junit-jupiter-engine/5.7.1/junit-jupiter-engine-5.7.1.jar:/home/m4ndr4ck/.m2/repository/org/junit/platform/junit-platform-engine/1.7.1/junit-platform-engine-1.7.1.jar:/home/m4ndr4ck/.m2/repository/com/thoughtworks/xstream/xstream/1.4.15/xstream-1.4.15.jar:/home/m4ndr4ck/.m2/repository/xmlpull/xmlpull/1.1.3.1/xmlpull-1.1.3.1.jar:/home/m4ndr4ck/.m2/repository/jakarta/interceptor/jakarta.interceptor-api/1.2.5/jakarta.interceptor-api-1.2.5.jar:/home/m4ndr4ck/.m2/repository/org/glassfish/jakarta.el/3.0.3/jakarta.el-3.0.3.jar:/home/m4ndr4ck/.m2/repository/io/quarkus/quarkus-hibernate-validator/1.12.0.Final/quarkus-hibernate-validator-1.12.0.Final.jar:/home/m4ndr4ck/.m2/repository/org/hibernate/validator/hibernate-validator/6.2.0.Final/hibernate-validator-6.2.0.Final.jar:/home/m4ndr4ck/.m2/repository/com/fasterxml/classmate/1.3.4/classmate-1.3.4.jar:/home/m4ndr4ck/.m2/repository/io/quarkus/quarkus-smallrye-openapi/1.12.0.Final/quarkus-smallrye-openapi-1.12.0.Final.jar:/home/m4ndr4ck/.m2/repository/io/smallrye/smallrye-open-api-core/2.0.22/smallrye-open-api-core-2.0.22.jar:/home/m4ndr4ck/.m2/repository/com/fasterxml/jackson/dataformat/jackson-dataformat-yaml/2.12.1/jackson-dataformat-yaml-2.12.1.jar:/home/m4ndr4ck/.m2/repository/io/quarkus/quarkus-swagger-ui/1.12.0.Final/quarkus-swagger-ui-1.12.0.Final.jar:/home/m4ndr4ck/.m2/repository/io/quarkus/quarkus-config-yaml/1.12.0.Final/quarkus-config-yaml-1.12.0.Final.jar:/home/m4ndr4ck/.m2/repository/io/smallrye/config/smallrye-config-source-yaml/1.10.2/smallrye-config-source-yaml-1.10.2.jar:/home/m4ndr4ck/.m2/repository/org/yaml/snakeyaml/1.27/snakeyaml-1.27.jar:/home/m4ndr4ck/.m2/repository/io/smallrye/config/smallrye-config-common/1.10.2/smallrye-config-common-1.10.2.jar:/home/m4ndr4ck/.m2/repository/io/smallrye/common/smallrye-common-constraint/1.5.0/smallrye-common-constraint-1.5.0.jar:/home/m4ndr4ck/.m2/repository/org/eclipse/microprofile/config/microprofile-config-api/1.4/microprofile-config-api-1.4.jar:/home/m4ndr4ck/.m2/repository/io/quarkus/quarkus-smallrye-health/1.12.0.Final/quarkus-smallrye-health-1.12.0.Final.jar:/home/m4ndr4ck/.m2/repository/io/smallrye/smallrye-health/2.2.5/smallrye-health-2.2.5.jar:/home/m4ndr4ck/.m2/repository/org/eclipse/microprofile/health/microprofile-health-api/2.2/microprofile-health-api-2.2.jar:/home/m4ndr4ck/.m2/repository/io/smallrye/smallrye-health-api/2.2.5/smallrye-health-api-2.2.5.jar:/home/m4ndr4ck/.m2/repository/io/smallrye/smallrye-health-provided-checks/2.2.5/smallrye-health-provided-checks-2.2.5.jar:/home/m4ndr4ck/.m2/repository/io/quarkus/quarkus-jsonp/1.12.0.Final/quarkus-jsonp-1.12.0.Final.jar:/home/m4ndr4ck/.m2/repository/org/glassfish/jakarta.json/1.1.6/jakarta.json-1.1.6.jar:/home/m4ndr4ck/.m2/repository/io/rest-assured/rest-assured/4.3.3/rest-assured-4.3.3.jar:/home/m4ndr4ck/.m2/repository/org/codehaus/groovy/groovy/3.0.5/groovy-3.0.5.jar:/home/m4ndr4ck/.m2/repository/org/codehaus/groovy/groovy-xml/3.0.7/groovy-xml-3.0.7.jar:/home/m4ndr4ck/.m2/repository/org/apache/httpcomponents/httpclient/4.5.13/httpclient-4.5.13.jar:/home/m4ndr4ck/.m2/repository/org/apache/httpcomponents/httpcore/4.4.14/httpcore-4.4.14.jar:/home/m4ndr4ck/.m2/repository/commons-codec/commons-codec/1.14/commons-codec-1.14.jar:/home/m4ndr4ck/.m2/repository/org/apache/httpcomponents/httpmime/4.5.13/httpmime-4.5.13.jar:/home/m4ndr4ck/.m2/repository/org/hamcrest/hamcrest/2.1/hamcrest-2.1.jar:/home/m4ndr4ck/.m2/repository/org/ccil/cowan/tagsoup/tagsoup/1.2.1/tagsoup-1.2.1.jar:/home/m4ndr4ck/.m2/repository/io/rest-assured/json-path/4.3.3/json-path-4.3.3.jar:/home/m4ndr4ck/.m2/repository/org/codehaus/groovy/groovy-json/3.0.5/groovy-json-3.0.5.jar:/home/m4ndr4ck/.m2/repository/io/rest-assured/rest-assured-common/4.3.3/rest-assured-common-4.3.3.jar:/home/m4ndr4ck/.m2/repository/io/rest-assured/xml-path/4.3.3/xml-path-4.3.3.jar:/home/m4ndr4ck/.m2/repository/org/apache/commons/commons-lang3/3.11/commons-lang3-3.11.jar:/home/m4ndr4ck/.m2/repository/com/sun/xml/bind/jaxb-impl/2.3.3/jaxb-impl-2.3.3.jar:/home/m4ndr4ck/.m2/repository/org/apache/maven/surefire/surefire-junit-platform/2.22.1/surefire-junit-platform-2.22.1.jar:/home/m4ndr4ck/.m2/repository/org/junit/platform/junit-platform-launcher/1.3.1/junit-platform-launcher-1.3.1.jar"/>
    <property name="sun.management.compiler" value="HotSpot 64-Bit Tiered Compilers"/>
    <property name="java.runtime.version" value="11.0.6+8-LTS"/>
    <property name="user.name" value="m4ndr4ck"/>
    <property name="path.separator" value=":"/>
    <property name="os.version" value="5.6.13-100.fc30.x86_64"/>
    <property name="java.runtime.name" value="Java(TM) SE Runtime Environment"/>
    <property name="file.encoding" value="UTF-8"/>
    <property name="java.vm.name" value="Java HotSpot(TM) 64-Bit Server VM"/>
    <property name="java.vendor.version" value="18.9"/>
    <property name="localRepository" value="/home/m4ndr4ck/.m2/repository"/>
    <property name="java.vendor.url.bug" value="http://bugreport.java.com/bugreport/"/>
    <property name="java.io.tmpdir" value="/tmp"/>
    <property name="idea.version" value="2020.3.2"/>
    <property name="java.version" value="11.0.6"/>
    <property name="user.dir" value="/home/m4ndr4ck/dev/topology-inventory-exporter/framework"/>
    <property name="os.arch" value="amd64"/>
    <property name="java.vm.specification.name" value="Java Virtual Machine Specification"/>
    <property name="java.awt.printerjob" value="sun.print.PSPrinterJob"/>
    <property name="sun.os.patch.level" value="unknown"/>
    <property name="java.util.logging.manager" value="org.jboss.logmanager.LogManager"/>
    <property name="java.library.path" value=":/usr/lib/oracle/19.8/client64//lib:/usr/java/packages/lib:/usr/lib64:/lib64:/lib:/usr/lib"/>
    <property name="java.vendor" value="Oracle Corporation"/>
    <property name="java.vm.info" value="mixed mode"/>
    <property name="java.vm.version" value="11.0.6+8-LTS"/>
    <property name="sun.io.unicode.encoding" value="UnicodeLittle"/>
    <property name="java.class.version" value="55.0"/>
  </properties>
  <testcase name="testExportEndpoint" classname="com.tlf.oss.framework.SampleRestAdapterTests" time="1.33"/>
</testsuite>